Compiled jquery.js  (5ms)  (pid 29573)
Compiled jquery_ujs.js  (1ms)  (pid 29573)
Compiled listing.js  (128ms)  (pid 29573)
Compiled ratings.js  (125ms)  (pid 29573)
Compiled user.js  (120ms)  (pid 29573)
Compiled application.js  (641ms)  (pid 29573)
Compiled listing.css  (80ms)  (pid 29573)
Compiled ratings.css  (13ms)  (pid 29573)
Compiled user.css  (12ms)  (pid 29573)
Compiled application.css  (223ms)  (pid 29573)
Compiled jquery.js  (33ms)  (pid 29573)
Compiled jquery_ujs.js  (3ms)  (pid 29573)
Compiled listing.js  (244ms)  (pid 29573)
Compiled ratings.js  (141ms)  (pid 29573)
Compiled user.js  (148ms)  (pid 29573)
Compiled application.js  (896ms)  (pid 29573)
Compiled listing.css  (49ms)  (pid 29573)
Compiled ratings.css  (17ms)  (pid 29573)
Compiled user.css  (13ms)  (pid 29573)
Compiled application.css  (207ms)  (pid 29573)
Compiled jquery.js  (4ms)  (pid 29664)
Compiled jquery_ujs.js  (2ms)  (pid 29664)
Compiled listing.js  (111ms)  (pid 29664)
Compiled ratings.js  (125ms)  (pid 29664)
Compiled user.js  (114ms)  (pid 29664)
Compiled application.js  (618ms)  (pid 29664)
Compiled listing.css  (35ms)  (pid 29664)
Compiled ratings.css  (13ms)  (pid 29664)
Compiled user.css  (11ms)  (pid 29664)
Compiled application.css  (174ms)  (pid 29664)
Compiled jquery.js  (31ms)  (pid 29664)
Compiled jquery_ujs.js  (3ms)  (pid 29664)
Compiled listing.js  (214ms)  (pid 29664)
Compiled ratings.js  (135ms)  (pid 29664)
Compiled user.js  (157ms)  (pid 29664)
Compiled application.js  (833ms)  (pid 29664)
Compiled listing.css  (47ms)  (pid 29664)
Compiled ratings.css  (17ms)  (pid 29664)
Compiled user.css  (16ms)  (pid 29664)
Compiled application.css  (233ms)  (pid 29664)
Compiled jquery.js  (6ms)  (pid 29727)
Compiled jquery_ujs.js  (1ms)  (pid 29727)
Compiled listing.js  (122ms)  (pid 29727)
Compiled ratings.js  (129ms)  (pid 29727)
Compiled user.js  (121ms)  (pid 29727)
Compiled application.js  (639ms)  (pid 29727)
Compiled listing.css  (41ms)  (pid 29727)
Compiled ratings.css  (16ms)  (pid 29727)
Compiled user.css  (10ms)  (pid 29727)
Compiled application.css  (180ms)  (pid 29727)
Compiled jquery.js  (30ms)  (pid 29727)
Compiled jquery_ujs.js  (3ms)  (pid 29727)
Compiled listing.js  (162ms)  (pid 29727)
Compiled ratings.js  (134ms)  (pid 29727)
Compiled user.js  (164ms)  (pid 29727)
Compiled application.js  (777ms)  (pid 29727)
Compiled listing.css  (53ms)  (pid 29727)
Compiled ratings.css  (15ms)  (pid 29727)
Compiled user.css  (12ms)  (pid 29727)
Compiled application.css  (202ms)  (pid 29727)
